1615461043904	geckodriver	INFO	Listening on 127.0.0.1:59437
1615461047004	mozrunner::runner	INFO	Running command: "C:\\Program Files\\Mozilla Firefox\\firefox.exe" "--marionette" "-foreground" "-no-remote" "-profile" "C:\\Users\\ADMIN\\AppData\\Local\\Temp\\rust_mozprofilez3PZkv"
console.warn: SearchSettings: "get: No settings file exists, new profile?" (new Error("", "(unknown module)"))
1615461050972	Marionette	INFO	Listening on port 59446
1615461051222	Marionette	WARN	TLS certificate errors will be ignored for this session
1615461054855	Marionette	INFO	Stopped listening on port 59446

###!!! [Child][RunMessage] Error: Channel closing: too late to send/recv, messages will be lost

1615461055557	geckodriver	INFO	Listening on 127.0.0.1:59502
1615461058623	mozrunner::runner	INFO	Running command: "C:\\Program Files\\Mozilla Firefox\\firefox.exe" "--marionette" "-foreground" "-no-remote" "-profile" "C:\\Users\\ADMIN\\AppData\\Local\\Temp\\rust_mozprofilefeVnq5"
console.warn: SearchSettings: "get: No settings file exists, new profile?" (new Error("", "(unknown module)"))
1615461061599	Marionette	INFO	Listening on port 59512
1615461061793	Marionette	WARN	TLS certificate errors will be ignored for this session
1615461078225	Marionette	INFO	Stopped listening on port 59512

###!!! [Child][RunMessage] Error: Channel closing: too late to send/recv, messages will be lost

1615790251791	geckodriver	INFO	Listening on 127.0.0.1:51521
1615790254126	mozrunner::runner	INFO	Running command: "C:\\Program Files\\Mozilla Firefox\\firefox.exe" "--marionette" "-foreground" "-no-remote" "-profile" "C:\\Users\\ADMIN\\AppData\\Local\\Temp\\rust_mozprofile8If9Rn"
console.warn: SearchSettings: "get: No settings file exists, new profile?" (new Error("", "(unknown module)"))
1615790258103	Marionette	INFO	Listening on port 51533
1615790258355	Marionette	WARN	TLS certificate errors will be ignored for this session
JavaScript warning: https://admin-demo.nopcommerce.com/lib_npm/jquery-validation-globalize/jquery.validate.globalize.min.js, line 2: Using //@ to indicate sourceMappingURL pragmas is deprecated. Use //# instead
1615790266523	Marionette	WARN	TimedPromise timed out after 500 ms: stacktrace:
TimedPromise/<@chrome://marionette/content/sync.js:231:19
TimedPromise@chrome://marionette/content/sync.js:216:10
interaction.flushEventLoop@chrome://marionette/content/interaction.js:433:10
webdriverClickElement@chrome://marionette/content/interaction.js:179:31
send@https://admin-demo.nopcommerce.com/lib_npm/jquery/jquery.min.js:2:82613
ajax@https://admin-demo.nopcommerce.com/lib_npm/jquery/jquery.min.js:2:78223
s.ajax@https://admin-demo.nopcommerce.com/lib_npm/jquery-migrate/jquery-migrate.min.js:2:3931
init@https://admin-demo.nopcommerce.com/js/admin.navigation.js:59:11
initOnce@https://admin-demo.nopcommerce.com/js/admin.navigation.js:93:17
init@https://admin-demo.nopcommerce.com/js/admin.search.js:75:30
@https://admin-demo.nopcommerce.com/admin/:158:46
e@https://admin-demo.nopcommerce.com/lib_npm/jquery/jquery.min.js:2:30005
l/</t<@https://admin-demo.nopcommerce.com/lib_npm/jquery/jquery.min.js:2:30307
1615790320405	Marionette	INFO	Stopped listening on port 51533

###!!! [Child][RunMessage] Error: Channel closing: too late to send/recv, messages will be lost

"--marionette" "-foreground" "-no-remote" "-profile" "C:\\Users\\ADMIN\\AppData\\Local\\Temp\\rust_mozprofileX40sgy"
console.warn: SearchSettings: "get: No settings file exists, new profile?" (new Error("", "(unknown module)"))
1615790272906	Marionette	INFO	Listening on port 51605
1615790273242	Marionette	WARN	TLS certificate errors will be ignored for this session
1615790277572	Marionette	INFO	Stopped listening on port 51605

###!!! [Child][RunMessage] Error: Channel closing: too late to send/recv, messages will be lost

1615790364869	geckodriver	INFO	Listening on 127.0.0.1:51710
1615790367926	mozrunner::runner	INFO	Running command: "C:\\Program Files\\Mozilla Firefox\\firefox.exe" "--marionette" "-foreground" "-no-remote" "-profile" "C:\\Users\\ADMIN\\AppData\\Local\\Temp\\rust_mozprofileoX7pfe"
console.warn: SearchSettings: "get: No settings file exists, new profile?" (new Error("", "(unknown module)"))
1615790370833	Marionette	INFO	Listening on port 51719
1615790371118	Marionette	WARN	TLS certificate errors will be ignored for this session
JavaScript warning: https://admin-demo.nopcommerce.com/lib_npm/jquery-validation-globalize/jquery.validate.globalize.min.js, line 2: Using //@ to indicate sourceMappingURL pragmas is deprecated. Use //# instead
1615790379202	Marionette	WARN	TimedPromise timed out after 500 ms: stacktrace:
TimedPromise/<@chrome://marionette/content/sync.js:231:19
TimedPromise@chrome://marionette/content/sync.js:216:10
interaction.flushEventLoop@chrome://marionette/content/interaction.js:433:10
webdriverClickElement@chrome://marionette/content/interaction.js:179:31
send@https://admin-demo.nopcommerce.com/lib_npm/jquery/jquery.min.js:2:82613
ajax@https://admin-demo.nopcommerce.com/lib_npm/jquery/jquery.min.js:2:78223
s.ajax@https://admin-demo.nopcommerce.com/lib_npm/jquery-migrate/jquery-migrate.min.js:2:3931
init@https://admin-demo.nopcommerce.com/js/admin.navigation.js:59:11
initOnce@https://admin-demo.nopcommerce.com/js/admin.navigation.js:93:17
init@https://admin-demo.nopcommerce.com/js/admin.search.js:75:30
@https://admin-demo.nopcommerce.com/admin/:158:46
e@https://admin-demo.nopcommerce.com/lib_npm/jquery/jquery.min.js:2:30005
l/</t<@https://admin-demo.nopcommerce.com/lib_npm/jquery/jquery.min.js:2:30307
1615790629114	Marionette	INFO	Stopped listening on port 51719

###!!! [Child][RunMessage] Error: Channel closing: too late to send/recv, messages will be lost

"--marionette" "-foreground" "-no-remote" "-profile" "C:\\Users\\ADMIN\\AppData\\Local\\Temp\\rust_mozprofileojQNJ1"
console.warn: SearchSettings: "get: No settings file exists, new profile?" (new Error("", "(unknown module)"))
1615790385668	Marionette	INFO	Listening on port 51792
1615790385945	Marionette	WARN	TLS certificate errors will be ignored for this session
1615790390378	Marionette	INFO	Stopped listening on port 51792

###!!! [Child][RunMessage] Error: Channel closing: too late to send/recv, messages will be lost

1615790446457	geckodriver	INFO	Listening on 127.0.0.1:51902
1615790449559	mozrunner::runner	INFO	Running command: "C:\\Program Files\\Mozilla Firefox\\firefox.exe" "--marionette" "-foreground" "-no-remote" "-profile" "C:\\Users\\ADMIN\\AppData\\Local\\Temp\\rust_mozprofileZIQCdL"
console.warn: SearchSettings: "get: No settings file exists, new profile?" (new Error("", "(unknown module)"))
1615790452629	Marionette	INFO	Listening on port 51911
1615790452749	Marionette	WARN	TLS certificate errors will be ignored for this session
JavaScript warning: https://admin-demo.nopcommerce.com/lib_npm/jquery-validation-globalize/jquery.validate.globalize.min.js, line 2: Using //@ to indicate sourceMappingURL pragmas is deprecated. Use //# instead
1615790460741	Marionette	WARN	TimedPromise timed out after 500 ms: stacktrace:
TimedPromise/<@chrome://marionette/content/sync.js:231:19
TimedPromise@chrome://marionette/content/sync.js:216:10
interaction.flushEventLoop@chrome://marionette/content/interaction.js:433:10
webdriverClickElement@chrome://marionette/content/interaction.js:179:31
send@https://admin-demo.nopcommerce.com/lib_npm/jquery/jquery.min.js:2:82613
ajax@https://admin-demo.nopcommerce.com/lib_npm/jquery/jquery.min.js:2:78223
s.ajax@https://admin-demo.nopcommerce.com/lib_npm/jquery-migrate/jquery-migrate.min.js:2:3931
init@https://admin-demo.nopcommerce.com/js/admin.navigation.js:59:11
initOnce@https://admin-demo.nopcommerce.com/js/admin.navigation.js:93:17
init@https://admin-demo.nopcommerce.com/js/admin.search.js:75:30
@https://admin-demo.nopcommerce.com/admin/:158:46
e@https://admin-demo.nopcommerce.com/lib_npm/jquery/jquery.min.js:2:30005
l/</t<@https://admin-demo.nopcommerce.com/lib_npm/jquery/jquery.min.js:2:30307
1615790476968	Marionette	INFO	Stopped listening on port 51911

###!!! [Child][RunMessage] Error: Channel closing: too late to send/recv, messages will be lost

"--marionette" "-foreground" "-no-remote" "-profile" "C:\\Users\\ADMIN\\AppData\\Local\\Temp\\rust_mozprofileOtR8WD"
console.warn: SearchSettings: "get: No settings file exists, new profile?" (new Error("", "(unknown module)"))
1615790467756	Marionette	INFO	Listening on port 51981
1615790468004	Marionette	WARN	TLS certificate errors will be ignored for this session
1615790472381	Marionette	INFO	Stopped listening on port 51981

###!!! [Child][RunMessage] Error: Channel closing: too late to send/recv, messages will be lost

